<?xml version="1.0" encoding="UTF-8"?>
<!-- Generated by org.testng.reporters.JUnitXMLReporter -->
<testsuite hostname="DESKTOP-RMO05FP" ignored="2" name="MyTests" tests="3" failures="0" timestamp="2022-04-12T12:17:18 IST" time="52.154" errors="0">
  <testcase name="Scenario_1" time="2.805" classname="com.test.Scenario1"/>
  <testcase name="Scenario_2" time="6.784" classname="com.test.Scenario2"/>
  <testcase name="Scenario_3" time="13.414" classname="com.test.Scenario3"/>
  <testcase name="@BeforeSuite setUpEnv" time="0.0" classname="com.base.BaseClass">
    <ignored/>
  </testcase> <!-- @BeforeSuite setUpEnv -->
  <testcase name="@BeforeSuite setUpEnv" time="0.0" classname="com.base.BaseClass">
    <ignored/>
  </testcase> <!-- @BeforeSuite setUpEnv -->
</testsuite> <!-- MyTests -->
