<?xml version="1.0" encoding="UTF-8"?>
<testng-results ignored="2" total="5" passed="3" failed="0" skipped="0">
  <reporter-output>
  </reporter-output>
  <suite started-at="2022-04-25T19:06:44 IST" name="Test-Suite" finished-at="2022-04-25T19:07:20 IST" duration-ms="36170">
    <groups>
    </groups>
    <test started-at="2022-04-25T19:06:44 IST" name="Selenium_Assignment" finished-at="2022-04-25T19:07:20 IST" duration-ms="36170">
      <class name="com.test.Scenario1_AddItem">
        <test-method is-config="true" signature="setUpEnv()[pri:0, instance:com.test.Scenario1_AddItem@3232a28a]" started-at="2022-04-25T19:06:44 IST" name="setUpEnv" finished-at="2022-04-25T19:06:44 IST" duration-ms="15" status="PASS">
          <reporter-output>
          </reporter-output>
        </test-method> <!-- setUpEnv -->
        <test-method is-config="true" signature="setUp()[pri:0, instance:com.test.Scenario1_AddItem@3232a28a]" started-at="2022-04-25T19:06:44 IST" name="setUp" finished-at="2022-04-25T19:06:50 IST" duration-ms="6711" status="PASS">
          <reporter-output>
          </reporter-output>
        </test-method> <!-- setUp -->
        <test-method signature="Scenario_1()[pri:0, instance:com.test.Scenario1_AddItem@3232a28a]" started-at="2022-04-25T19:06:50 IST" name="Scenario_1" finished-at="2022-04-25T19:06:56 IST" duration-ms="5648" status="PASS">
          <reporter-output>
          </reporter-output>
        </test-method> <!-- Scenario_1 -->
        <test-method is-config="true" signature="FailedTestCases(org.testng.ITestResult)[pri:0, instance:com.test.Scenario1_AddItem@3232a28a]" started-at="2022-04-25T19:06:56 IST" name="FailedTestCases" finished-at="2022-04-25T19:06:56 IST" duration-ms="2" status="PASS">
          <params>
            <param index="0">
              <value>
                <![CDATA[[TestResult name=Scenario_1 status=SUCCESS method=Scenario1_AddItem.Scenario_1()[pri:0, instance:com.test.Scenario1_AddItem@3232a28a] output={null}]]]>
              </value>
            </param>
          </params>
          <reporter-output>
          </reporter-output>
        </test-method> <!-- FailedTestCases -->
        <test-method is-config="true" signature="tearDown()[pri:0, instance:com.test.Scenario1_AddItem@3232a28a]" started-at="2022-04-25T19:06:56 IST" name="tearDown" finished-at="2022-04-25T19:06:57 IST" duration-ms="1223" status="PASS">
          <reporter-output>
          </reporter-output>
        </test-method> <!-- tearDown -->
      </class> <!-- com.test.Scenario1_AddItem -->
      <class name="com.test.Scenario2_AddRemoveItem">
        <test-method is-config="true" signature="setUp()[pri:0, instance:com.test.Scenario2_AddRemoveItem@2b91004a]" started-at="2022-04-25T19:06:57 IST" name="setUp" finished-at="2022-04-25T19:06:59 IST" duration-ms="2052" status="PASS">
          <reporter-output>
          </reporter-output>
        </test-method> <!-- setUp -->
        <test-method signature="Scenario_2()[pri:0, instance:com.test.Scenario2_AddRemoveItem@2b91004a]" started-at="2022-04-25T19:06:59 IST" name="Scenario_2" finished-at="2022-04-25T19:07:06 IST" duration-ms="6702" status="PASS">
          <reporter-output>
          </reporter-output>
        </test-method> <!-- Scenario_2 -->
        <test-method is-config="true" signature="FailedTestCases(org.testng.ITestResult)[pri:0, instance:com.test.Scenario2_AddRemoveItem@2b91004a]" started-at="2022-04-25T19:07:06 IST" name="FailedTestCases" finished-at="2022-04-25T19:07:06 IST" duration-ms="1" status="PASS">
          <params>
            <param index="0">
              <value>
                <![CDATA[[TestResult name=Scenario_2 status=SUCCESS method=Scenario2_AddRemoveItem.Scenario_2()[pri:0, instance:com.test.Scenario2_AddRemoveItem@2b91004a] output={null}]]]>
              </value>
            </param>
          </params>
          <reporter-output>
          </reporter-output>
        </test-method> <!-- FailedTestCases -->
        <test-method is-config="true" signature="tearDown()[pri:0, instance:com.test.Scenario2_AddRemoveItem@2b91004a]" started-at="2022-04-25T19:07:06 IST" name="tearDown" finished-at="2022-04-25T19:07:07 IST" duration-ms="1201" status="PASS">
          <reporter-output>
          </reporter-output>
        </test-method> <!-- tearDown -->
      </class> <!-- com.test.Scenario2_AddRemoveItem -->
      <class name="com.test.Scenario3_SortingItem">
        <test-method is-config="true" signature="setUp()[pri:0, instance:com.test.Scenario3_SortingItem@20ccf40b]" started-at="2022-04-25T19:07:07 IST" name="setUp" finished-at="2022-04-25T19:07:09 IST" duration-ms="1971" status="PASS">
          <reporter-output>
          </reporter-output>
        </test-method> <!-- setUp -->
        <test-method signature="Scenario_3()[pri:0, instance:com.test.Scenario3_SortingItem@20ccf40b]" started-at="2022-04-25T19:07:09 IST" name="Scenario_3" finished-at="2022-04-25T19:07:19 IST" duration-ms="10259" status="PASS">
          <reporter-output>
          </reporter-output>
        </test-method> <!-- Scenario_3 -->
        <test-method is-config="true" signature="FailedTestCases(org.testng.ITestResult)[pri:0, instance:com.test.Scenario3_SortingItem@20ccf40b]" started-at="2022-04-25T19:07:19 IST" name="FailedTestCases" finished-at="2022-04-25T19:07:19 IST" duration-ms="1" status="PASS">
          <params>
            <param index="0">
              <value>
                <![CDATA[[TestResult name=Scenario_3 status=SUCCESS method=Scenario3_SortingItem.Scenario_3()[pri:0, instance:com.test.Scenario3_SortingItem@20ccf40b] output={null}]]]>
              </value>
            </param>
          </params>
          <reporter-output>
          </reporter-output>
        </test-method> <!-- FailedTestCases -->
        <test-method is-config="true" signature="tearDown()[pri:0, instance:com.test.Scenario3_SortingItem@20ccf40b]" started-at="2022-04-25T19:07:19 IST" name="tearDown" finished-at="2022-04-25T19:07:20 IST" duration-ms="354" status="PASS">
          <reporter-output>
          </reporter-output>
        </test-method> <!-- tearDown -->
      </class> <!-- com.test.Scenario3_SortingItem -->
    </test> <!-- Selenium_Assignment -->
  </suite> <!-- Test-Suite -->
</testng-results>
